[ 50%] Built target spacenav_node
[ 75%] [32mBuilding CXX object CMakeFiles/spacenav.dir/src/spacenav.cpp.o[0m
In file included from [01m[K/home/pi/wow_ws/src/joystick_drivers/spacenav/src/spacenav.cpp:34[m[K:
[01m[K/home/pi/wow_ws/src/joystick_drivers/spacenav/include/spacenav/spacenav.hpp:41:10:[m[K [01;31m[Kfatal error: [m[Kspnav.h: No such file or directory
   41 | #include [01;31m[K"spnav.h"[m[K // NOLINT
      |          [01;31m[K^~~~~~~~~[m[K
compilation terminated.
gmake[2]: *** [CMakeFiles/spacenav.dir/build.make:76: CMakeFiles/spacenav.dir/src/spacenav.cpp.o] Error 1
gmake[1]: *** [CMakeFiles/Makefile2:139: CMakeFiles/spacenav.dir/all] Error 2
gmake: *** [Makefile:146: all] Error 2
