[0.067s] Invoking command in '/home/pi/wow_ws/build/foxglove_bridge': CMAKE_PREFIX_PATH=${CMAKE_PREFIX_PATH}:/home/pi/wow_ws/install/ntrip_client:/home/pi/wow_ws/install/bno055:/home/pi/ros2_iron/install/rqt_bag_plugins:/home/pi/ros2_iron/install/rqt_bag:/home/pi/ros2_iron/install/rosbag2_examples_py:/home/pi/ros2_iron/install/launch_testing_examples:/home/pi/ros2_iron/install/ros2bag:/home/pi/ros2_iron/install/tracetools_test:/home/pi/ros2_iron/install/tracetools_launch:/home/pi/ros2_iron/install/topic_monitor:/home/pi/ros2_iron/install/tf2_tools:/home/pi/ros2_iron/install/examples_tf2_py:/home/pi/ros2_iron/install/tf2_ros_py:/home/pi/ros2_iron/install/examples_rclpy_pointcloud_publisher:/home/pi/ros2_iron/install/sensor_msgs_py:/home/pi/ros2_iron/install/quality_of_service_demo_py:/home/pi/ros2_iron/install/rqt_plot:/home/pi/ros2_iron/install/ros2doctor:/home/pi/ros2_iron/install/lifecycle_py:/home/pi/ros2_iron/install/examples_rclpy_minimal_subscriber:/home/pi/ros2_iron/install/examples_rclpy_minimal_service:/home/pi/ros2_iron/install/examples_rclpy_minimal_publisher:/home/pi/ros2_iron/install/examples_rclpy_minimal_client:/home/pi/ros2_iron/install/examples_rclpy_executors:/home/pi/ros2_iron/install/demo_nodes_py:/home/pi/ros2_iron/install/rqt:/home/pi/ros2_iron/install/ros2component:/home/pi/ros2_iron/install/sros2:/home/pi/ros2_iron/install/rqt_topic:/home/pi/ros2_iron/install/rqt_srv:/home/pi/ros2_iron/install/rqt_shell:/home/pi/ros2_iron/install/rqt_service_caller:/home/pi/ros2_iron/install/rqt_reconfigure:/home/pi/ros2_iron/install/rqt_py_console:/home/pi/ros2_iron/install/rqt_publisher:/home/pi/ros2_iron/install/rqt_action:/home/pi/ros2_iron/install/rqt_msg:/home/pi/ros2_iron/install/rqt_console:/home/pi/ros2_iron/install/rqt_graph:/home/pi/ros2_iron/install/rqt_gui_py:/home/pi/ros2_iron/install/rqt_gui:/home/pi/ros2_iron/install/ros2trace:/home/pi/ros2_iron/install/ros2topic:/home/pi/ros2_iron/install/ros2test:/home/pi/ros2_iron/install/ros2param:/home/pi/ros2_iron/install/ros2lifecycle:/home/pi/ros2_iron/install/ros2service:/home/pi/ros2_iron/install/ros2run:/home/pi/ros2_iron/install/ros2launch:/home/pi/ros2_iron/install/ros2pkg:/home/pi/ros2_iron/install/ros2node:/home/pi/ros2_iron/install/ros2multicast:/home/pi/ros2_iron/install/ros2interface:/home/pi/ros2_iron/install/ros2action:/home/pi/ros2_iron/install/ros2cli:/home/pi/ros2_iron/install/launch_testing_ros:/home/pi/ros2_iron/install/launch_ros:/home/pi/ros2_iron/install/examples_rclpy_minimal_action_server:/home/pi/ros2_iron/install/examples_rclpy_minimal_action_client:/home/pi/ros2_iron/install/examples_rclpy_guard_conditions:/home/pi/ros2_iron/install/action_tutorials_py:/home/pi/ros2_iron/install/ament_uncrustify:/home/pi/ros2_iron/install/tracetools_trace:/home/pi/ros2_iron/install/tracetools_read:/home/pi/ros2_iron/install/test_tracetools_launch:/home/pi/ros2_iron/install/test_ros2trace:/home/pi/ros2_iron/install/test_launch_ros:/home/pi/ros2_iron/install/rpyutils:/home/pi/ros2_iron/install/rosidl_runtime_py:/home/pi/ros2_iron/install/rosidl_pycommon:/home/pi/ros2_iron/install/rosidl_cli:/home/pi/ros2_iron/install/launch_pytest:/home/pi/ros2_iron/install/launch_testing:/home/pi/ros2_iron/install/launch_yaml:/home/pi/ros2_iron/install/launch_xml:/home/pi/ros2_iron/install/launch:/home/pi/ros2_iron/install/osrf_pycommon:/home/pi/ros2_iron/install/domain_coordinator:/home/pi/ros2_iron/install/ament_xmllint:/home/pi/ros2_iron/install/ament_pyflakes:/home/pi/ros2_iron/install/ament_pycodestyle:/home/pi/ros2_iron/install/ament_pep257:/home/pi/ros2_iron/install/ament_pclint:/home/pi/ros2_iron/install/ament_package:/home/pi/ros2_iron/install/ament_mypy:/home/pi/ros2_iron/install/ament_lint_cmake:/home/pi/ros2_iron/install/ament_flake8:/home/pi/ros2_iron/install/ament_copyright:/home/pi/ros2_iron/install/ament_lint:/home/pi/ros2_iron/install/ament_index_python:/home/pi/ros2_iron/install/ament_cpplint:/home/pi/ros2_iron/install/ament_cppcheck:/home/pi/ros2_iron/install/ament_clang_tidy:/home/pi/ros2_iron/install/ament_clang_format /usr/bin/cmake --build /home/pi/wow_ws/build/foxglove_bridge -- -j4 -l4
[0.280s] -- Using standalone ASIO
[0.357s] -- nlohmann_json not found, will search at compile time
[0.357s] -- ROS_VERSION: 2
[0.357s] -- ROS_DISTRO: iron
[0.357s] -- ROS_ROOT: 
[0.357s] -- Building with ament_cmake
[0.357s] -- Found ament_cmake: 2.0.5 (/home/pi/ros2_iron/install/ament_cmake/share/ament_cmake/cmake)
[0.799s] -- Override CMake install command with custom implementation using symlinks instead of copying resources
[0.810s] -- Found rosgraph_msgs: 1.6.0 (/home/pi/ros2_iron/install/rosgraph_msgs/share/rosgraph_msgs/cmake)
[0.852s] -- Found rosidl_generator_c: 4.0.1 (/home/pi/ros2_iron/install/rosidl_generator_c/share/rosidl_generator_c/cmake)
[0.865s] -- Found rosidl_generator_cpp: 4.0.1 (/home/pi/ros2_iron/install/rosidl_generator_cpp/share/rosidl_generator_cpp/cmake)
[0.934s] -- Using all available rosidl_typesupport_c: rosidl_typesupport_introspection_c;rosidl_typesupport_fastrtps_c
[1.008s] -- Using all available rosidl_typesupport_cpp: rosidl_typesupport_introspection_cpp;rosidl_typesupport_fastrtps_cpp
[1.149s] -- Found rclcpp: 21.0.6 (/home/pi/ros2_iron/install/rclcpp/share/rclcpp/cmake)
[1.412s] -- Found rmw_implementation_cmake: 7.1.0 (/home/pi/ros2_iron/install/rmw_implementation_cmake/share/rmw_implementation_cmake/cmake)
[1.464s] -- Found rmw_fastrtps_cpp: 7.1.3 (/home/pi/ros2_iron/install/rmw_fastrtps_cpp/share/rmw_fastrtps_cpp/cmake)
[1.742s] -- Using RMW implementation 'rmw_fastrtps_cpp' as default
[2.023s] -- Found rclcpp_components: 21.0.6 (/home/pi/ros2_iron/install/rclcpp_components/share/rclcpp_components/cmake)
[2.212s] -- Found resource_retriever: 3.2.2 (/home/pi/ros2_iron/install/resource_retriever/share/resource_retriever/cmake)
[2.317s] -- library: /usr/lib/aarch64-linux-gnu/libcurl.so
[2.499s] -- Building tests with ament_cmake
[2.500s] -- Found ament_cmake_gtest: 2.0.5 (/home/pi/ros2_iron/install/ament_cmake_gtest/share/ament_cmake_gtest/cmake)
[2.504s] -- Found ament_lint_auto: 0.14.3 (/home/pi/ros2_iron/install/ament_lint_auto/share/ament_lint_auto/cmake)
[3.016s] -- Found gtest sources under '/home/pi/ros2_iron/install/gtest_vendor/src/gtest_vendor': C++ tests using 'Google Test' will be built
[3.105s] -- Configuring done
[3.265s] -- Generating done
[3.290s] -- Build files have been written to: /home/pi/wow_ws/build/foxglove_bridge
[3.472s] [  7%] Built target foxglove_bridge
[3.484s] [ 14%] Built target gtest_main
[3.487s] [ 17%] [32mBuilding CXX object CMakeFiles/foxglove_bridge_base.dir/foxglove_bridge_base/src/serialization.cpp.o[0m
[3.513s] [ 25%] Built target gtest
[3.518s] [ 28%] [32mBuilding CXX object CMakeFiles/foxglove_bridge_base.dir/foxglove_bridge_base/src/server_factory.cpp.o[0m
[3.523s] [ 32%] [32mBuilding CXX object CMakeFiles/foxglove_bridge_base.dir/foxglove_bridge_base/src/test/test_client.cpp.o[0m
[4.009s] In file included from [01m[K/home/pi/wow_ws/src/ros-foxglove-bridge/foxglove_bridge_base/src/serialization.cpp:2[m[K:
[4.009s] [01m[K/home/pi/wow_ws/src/ros-foxglove-bridge/foxglove_bridge_base/include/foxglove_bridge/serialization.hpp:5:10:[m[K [01;31m[Kfatal error: [m[Knlohmann/json.hpp: No such file or directory
[4.009s]     5 | #include [01;31m[K<nlohmann/json.hpp>[m[K
[4.009s]       |          [01;31m[K^~~~~~~~~~~~~~~~~~~[m[K
[4.009s] compilation terminated.
[4.021s] gmake[2]: *** [CMakeFiles/foxglove_bridge_base.dir/build.make:118: CMakeFiles/foxglove_bridge_base.dir/foxglove_bridge_base/src/serialization.cpp.o] Error 1
[4.021s] gmake[2]: *** Waiting for unfinished jobs....
[4.660s] In file included from [01m[K/home/pi/wow_ws/src/ros-foxglove-bridge/foxglove_bridge_base/src/server_factory.cpp:5[m[K:
[4.660s] [01m[K/home/pi/wow_ws/src/ros-foxglove-bridge/foxglove_bridge_base/include/foxglove_bridge/websocket_server.hpp:17:10:[m[K [01;31m[Kfatal error: [m[Knlohmann/json.hpp: No such file or directory
[4.660s]    17 | #include [01;31m[K<nlohmann/json.hpp>[m[K
[4.660s]       |          [01;31m[K^~~~~~~~~~~~~~~~~~~[m[K
[4.660s] compilation terminated.
[4.662s] gmake[2]: *** [CMakeFiles/foxglove_bridge_base.dir/build.make:132: CMakeFiles/foxglove_bridge_base.dir/foxglove_bridge_base/src/server_factory.cpp.o] Error 1
[4.801s] In file included from [01m[K/home/pi/wow_ws/src/ros-foxglove-bridge/foxglove_bridge_base/src/test/test_client.cpp:5[m[K:
[4.801s] [01m[K/home/pi/wow_ws/src/ros-foxglove-bridge/foxglove_bridge_base/include/foxglove_bridge/serialization.hpp:5:10:[m[K [01;31m[Kfatal error: [m[Knlohmann/json.hpp: No such file or directory
[4.801s]     5 | #include [01;31m[K<nlohmann/json.hpp>[m[K
[4.801s]       |          [01;31m[K^~~~~~~~~~~~~~~~~~~[m[K
[4.801s] compilation terminated.
[4.804s] gmake[2]: *** [CMakeFiles/foxglove_bridge_base.dir/build.make:146: CMakeFiles/foxglove_bridge_base.dir/foxglove_bridge_base/src/test/test_client.cpp.o] Error 1
[4.804s] gmake[1]: *** [CMakeFiles/Makefile2:115: CMakeFiles/foxglove_bridge_base.dir/all] Error 2
[4.805s] gmake: *** [Makefile:146: all] Error 2
